Using bramstein/webfonttools
Using caskroom/cask
Using d12frosted/emacs-plus
Using homebrew/boneyard
Using homebrew/bundle
Using homebrew/core
Using homebrew/dupes
Using homebrew/php
Using homebrew/versions
Using vitorgalvao/tiny-scripts
Using coreutils
Using moreutils
Using findutils
Using gnu-sed
Using ack
Using java
Using sqlite
Using git
Using awscli
Using bash
Using bash-completion
Using clisp
Using fish
Using git-flow
Using git-lfs
Using gnupg
Using grep
Using gnuplot
Using go
Using graphviz
Using imagemagick
Using python3
Using hashpump
Using htop-osx
Using httpie
Using hydra
Using keybase
Using leiningen
Using lynx
Using lua
Using libcroco
Using openssh
Using python
Using lynx
Using nginx
Using nmap
Using node
Using nvm
Using p7zip
Using pv
Using rename
Using ssh-copy-id
Using ruby
Using rust
Using tmux
Using tree
Using vbindiff
Using vim
Using wget
Using webkit2png
Using yarn
Using zopfli
Using bramstein/webfonttools/sfnt2woff
Using bramstein/webfonttools/sfnt2woff-zopfli
Using bramstein/webfonttools/woff2
Using d12frosted/emacs-plus/emacs-plus
Using vitorgalvao/tiny-scripts/cask-repair
Using atom
Using dropbox
Using filezilla
Using firefox
Using gas-mask
Using google-chrome
Using gpgtools
Using haskell-platform
Using hex-fiend
Using iterm2
Using licecap
Using macdown
Using ngrok
Using postgres
Using psequel
Using querious
Using skyfonts
Using skype
Using soundflower
Using sourcetree
Using spectacle
Using spotify
Using telegram
Using tunnelblick
Using utorrent
Using vagrant
Using virtualbox
Using vlc
Homebrew Bundle complete! 95 Brewfile dependencies now installed.
